\BOOKMARK [0][-]{chapter.1}{\376\377\000a\000u\000t\000h\000e\000n\000t\000i\000c\000a\000t\000e\000\040\000p\000a\000c\000k\000a\000g\000e}{}% 1
\BOOKMARK [1][-]{section.1.1}{\376\377\000S\000u\000b\000p\000a\000c\000k\000a\000g\000e\000s}{chapter.1}% 2
\BOOKMARK [2][-]{subsection.1.1.1}{\376\377\000a\000u\000t\000h\000e\000n\000t\000i\000c\000a\000t\000e\000.\000m\000i\000g\000r\000a\000t\000i\000o\000n\000s\000\040\000p\000a\000c\000k\000a\000g\000e}{section.1.1}% 3
\BOOKMARK [3][-]{subsubsection*.3}{\376\377\000M\000o\000d\000u\000l\000e\000\040\000c\000o\000n\000t\000e\000n\000t\000s}{subsection.1.1.1}% 4
\BOOKMARK [1][-]{section.1.2}{\376\377\000S\000u\000b\000m\000o\000d\000u\000l\000e\000s}{chapter.1}% 5
\BOOKMARK [1][-]{section.1.3}{\376\377\000a\000u\000t\000h\000e\000n\000t\000i\000c\000a\000t\000e\000.\000a\000d\000m\000i\000n\000\040\000m\000o\000d\000u\000l\000e}{chapter.1}% 6
\BOOKMARK [1][-]{section.1.4}{\376\377\000a\000u\000t\000h\000e\000n\000t\000i\000c\000a\000t\000e\000.\000a\000p\000p\000s\000\040\000m\000o\000d\000u\000l\000e}{chapter.1}% 7
\BOOKMARK [1][-]{section.1.5}{\376\377\000a\000u\000t\000h\000e\000n\000t\000i\000c\000a\000t\000e\000.\000m\000o\000d\000e\000l\000s\000\040\000m\000o\000d\000u\000l\000e}{chapter.1}% 8
\BOOKMARK [1][-]{section.1.6}{\376\377\000a\000u\000t\000h\000e\000n\000t\000i\000c\000a\000t\000e\000.\000u\000r\000l\000s\000\040\000m\000o\000d\000u\000l\000e}{chapter.1}% 9
\BOOKMARK [1][-]{section.1.7}{\376\377\000a\000u\000t\000h\000e\000n\000t\000i\000c\000a\000t\000e\000.\000v\000i\000e\000w\000s\000\040\000m\000o\000d\000u\000l\000e}{chapter.1}% 10
\BOOKMARK [1][-]{section.1.8}{\376\377\000M\000o\000d\000u\000l\000e\000\040\000c\000o\000n\000t\000e\000n\000t\000s}{chapter.1}% 11
\BOOKMARK [0][-]{chapter.2}{\376\377\000t\000a\000s\000k\000\137\000m\000a\000n\000a\000g\000e\000m\000e\000n\000t\000\040\000p\000a\000c\000k\000a\000g\000e}{}% 12
\BOOKMARK [1][-]{section.2.1}{\376\377\000S\000u\000b\000m\000o\000d\000u\000l\000e\000s}{chapter.2}% 13
\BOOKMARK [1][-]{section.2.2}{\376\377\000t\000a\000s\000k\000\137\000m\000a\000n\000a\000g\000e\000m\000e\000n\000t\000.\000a\000s\000g\000i\000\040\000m\000o\000d\000u\000l\000e}{chapter.2}% 14
\BOOKMARK [1][-]{section.2.3}{\376\377\000t\000a\000s\000k\000\137\000m\000a\000n\000a\000g\000e\000m\000e\000n\000t\000.\000c\000o\000n\000s\000u\000m\000e\000r\000s\000\040\000m\000o\000d\000u\000l\000e}{chapter.2}% 15
\BOOKMARK [1][-]{section.2.4}{\376\377\000t\000a\000s\000k\000\137\000m\000a\000n\000a\000g\000e\000m\000e\000n\000t\000.\000r\000o\000u\000t\000i\000n\000g\000\040\000m\000o\000d\000u\000l\000e}{chapter.2}% 16
\BOOKMARK [1][-]{section.2.5}{\376\377\000t\000a\000s\000k\000\137\000m\000a\000n\000a\000g\000e\000m\000e\000n\000t\000.\000s\000e\000t\000t\000i\000n\000g\000s\000\040\000m\000o\000d\000u\000l\000e}{chapter.2}% 17
\BOOKMARK [1][-]{section.2.6}{\376\377\000t\000a\000s\000k\000\137\000m\000a\000n\000a\000g\000e\000m\000e\000n\000t\000.\000u\000r\000l\000s\000\040\000m\000o\000d\000u\000l\000e}{chapter.2}% 18
\BOOKMARK [1][-]{section.2.7}{\376\377\000t\000a\000s\000k\000\137\000m\000a\000n\000a\000g\000e\000m\000e\000n\000t\000.\000w\000s\000g\000i\000\040\000m\000o\000d\000u\000l\000e}{chapter.2}% 19
\BOOKMARK [1][-]{section.2.8}{\376\377\000M\000o\000d\000u\000l\000e\000\040\000c\000o\000n\000t\000e\000n\000t\000s}{chapter.2}% 20
\BOOKMARK [0][-]{chapter.3}{\376\377\000o\000p\000e\000n\000\137\000a\000i\000\040\000p\000a\000c\000k\000a\000g\000e}{}% 21
\BOOKMARK [1][-]{section.3.1}{\376\377\000S\000u\000b\000p\000a\000c\000k\000a\000g\000e\000s}{chapter.3}% 22
\BOOKMARK [2][-]{subsection.3.1.1}{\376\377\000o\000p\000e\000n\000\137\000a\000i\000.\000m\000i\000g\000r\000a\000t\000i\000o\000n\000s\000\040\000p\000a\000c\000k\000a\000g\000e}{section.3.1}% 23
\BOOKMARK [3][-]{subsubsection*.41}{\376\377\000M\000o\000d\000u\000l\000e\000\040\000c\000o\000n\000t\000e\000n\000t\000s}{subsection.3.1.1}% 24
\BOOKMARK [1][-]{section.3.2}{\376\377\000S\000u\000b\000m\000o\000d\000u\000l\000e\000s}{chapter.3}% 25
\BOOKMARK [1][-]{section.3.3}{\376\377\000o\000p\000e\000n\000\137\000a\000i\000.\000a\000d\000m\000i\000n\000\040\000m\000o\000d\000u\000l\000e}{chapter.3}% 26
\BOOKMARK [1][-]{section.3.4}{\376\377\000o\000p\000e\000n\000\137\000a\000i\000.\000a\000p\000p\000s\000\040\000m\000o\000d\000u\000l\000e}{chapter.3}% 27
\BOOKMARK [1][-]{section.3.5}{\376\377\000o\000p\000e\000n\000\137\000a\000i\000.\000o\000l\000l\000a\000m\000a\000\137\000p\000h\000i\000\040\000m\000o\000d\000u\000l\000e}{chapter.3}% 28
\BOOKMARK [1][-]{section.3.6}{\376\377\000o\000p\000e\000n\000\137\000a\000i\000.\000u\000r\000l\000s\000\040\000m\000o\000d\000u\000l\000e}{chapter.3}% 29
\BOOKMARK [1][-]{section.3.7}{\376\377\000o\000p\000e\000n\000\137\000a\000i\000.\000v\000i\000e\000w\000s\000\040\000m\000o\000d\000u\000l\000e}{chapter.3}% 30
\BOOKMARK [1][-]{section.3.8}{\376\377\000M\000o\000d\000u\000l\000e\000\040\000c\000o\000n\000t\000e\000n\000t\000s}{chapter.3}% 31
\BOOKMARK [0][-]{chapter.4}{\376\377\000t\000a\000s\000k\000s\000\040\000p\000a\000c\000k\000a\000g\000e}{}% 32
\BOOKMARK [1][-]{section.4.1}{\376\377\000S\000u\000b\000p\000a\000c\000k\000a\000g\000e\000s}{chapter.4}% 33
\BOOKMARK [2][-]{subsection.4.1.1}{\376\377\000t\000a\000s\000k\000s\000.\000m\000i\000g\000r\000a\000t\000i\000o\000n\000s\000\040\000p\000a\000c\000k\000a\000g\000e}{section.4.1}% 34
\BOOKMARK [3][-]{subsubsection*.64}{\376\377\000S\000u\000b\000m\000o\000d\000u\000l\000e\000s}{subsection.4.1.1}% 35
\BOOKMARK [3][-]{subsubsection*.65}{\376\377\000t\000a\000s\000k\000s\000.\000m\000i\000g\000r\000a\000t\000i\000o\000n\000s\000.\0000\0000\0000\0001\000\137\000i\000n\000i\000t\000i\000a\000l\000\040\000m\000o\000d\000u\000l\000e}{subsection.4.1.1}% 36
\BOOKMARK [3][-]{subsubsection*.78}{\376\377\000t\000a\000s\000k\000s\000.\000m\000i\000g\000r\000a\000t\000i\000o\000n\000s\000.\0000\0000\0000\0002\000\137\000a\000l\000t\000e\000r\000\137\000t\000a\000s\000k\000\137\000d\000u\000e\000\137\000d\000a\000t\000e\000\040\000m\000o\000d\000u\000l\000e}{subsection.4.1.1}% 37
\BOOKMARK [3][-]{subsubsection*.91}{\376\377\000M\000o\000d\000u\000l\000e\000\040\000c\000o\000n\000t\000e\000n\000t\000s}{subsection.4.1.1}% 38
\BOOKMARK [1][-]{section.4.2}{\376\377\000S\000u\000b\000m\000o\000d\000u\000l\000e\000s}{chapter.4}% 39
\BOOKMARK [1][-]{section.4.3}{\376\377\000t\000a\000s\000k\000s\000.\000a\000d\000m\000i\000n\000\040\000m\000o\000d\000u\000l\000e}{chapter.4}% 40
\BOOKMARK [1][-]{section.4.4}{\376\377\000t\000a\000s\000k\000s\000.\000a\000p\000p\000s\000\040\000m\000o\000d\000u\000l\000e}{chapter.4}% 41
\BOOKMARK [1][-]{section.4.5}{\376\377\000t\000a\000s\000k\000s\000.\000m\000o\000d\000e\000l\000s\000\040\000m\000o\000d\000u\000l\000e}{chapter.4}% 42
\BOOKMARK [1][-]{section.4.6}{\376\377\000t\000a\000s\000k\000s\000.\000s\000e\000r\000i\000a\000l\000i\000z\000e\000r\000s\000\040\000m\000o\000d\000u\000l\000e}{chapter.4}% 43
\BOOKMARK [1][-]{section.4.7}{\376\377\000t\000a\000s\000k\000s\000.\000u\000r\000l\000s\000\040\000m\000o\000d\000u\000l\000e}{chapter.4}% 44
\BOOKMARK [1][-]{section.4.8}{\376\377\000t\000a\000s\000k\000s\000.\000v\000i\000e\000w\000s\000\040\000m\000o\000d\000u\000l\000e}{chapter.4}% 45
\BOOKMARK [1][-]{section.4.9}{\376\377\000M\000o\000d\000u\000l\000e\000\040\000c\000o\000n\000t\000e\000n\000t\000s}{chapter.4}% 46
\BOOKMARK [0][-]{chapter.5}{\376\377\000t\000e\000m\000p\000l\000a\000t\000e\000s}{}% 47
\BOOKMARK [1][-]{section.5.1}{\376\377\000c\000r\000e\000a\000t\000e\000.\000h\000t\000m\000l}{chapter.5}% 48
\BOOKMARK [1][-]{section.5.2}{\376\377\000u\000p\000d\000a\000t\000e\000.\000h\000t\000m\000l}{chapter.5}% 49
\BOOKMARK [1][-]{section.5.3}{\376\377\000i\000n\000d\000e\000x\000.\000h\000t\000m\000l}{chapter.5}% 50
\BOOKMARK [1][-]{section.5.4}{\376\377\000l\000o\000g\000i\000n\000.\000h\000t\000m\000l}{chapter.5}% 51
\BOOKMARK [1][-]{section.5.5}{\376\377\000o\000l\000l\000a\000m\000a\000\137\000p\000h\000i\000.\000h\000t\000m\000l}{chapter.5}% 52
\BOOKMARK [0][-]{chapter.6}{\376\377\000I\000n\000d\000i\000c\000e\000s\000\040\000a\000n\000d\000\040\000t\000a\000b\000l\000e\000s}{}% 53
\BOOKMARK [0][-]{section*.259}{\376\377\000H\000T\000T\000P\000\040\000R\000o\000u\000t\000i\000n\000g\000\040\000T\000a\000b\000l\000e}{}% 54
\BOOKMARK [0][-]{section*.260}{\376\377\000P\000y\000t\000h\000o\000n\000\040\000M\000o\000d\000u\000l\000e\000\040\000I\000n\000d\000e\000x}{}% 55
\BOOKMARK [0][-]{section*.261}{\376\377\000I\000n\000d\000e\000x}{}% 56
